Flow report for Somador4Bits
Thu Aug 25 02:01:14 2022
Quartus Prime Version 18.1.0 Build 625 09/12/2018 SJ Lite Edition


---------------------
; Table of Contents ;
---------------------
  1. Legal Notice
  2. Flow Summary
  3. Flow Settings
  4. Flow Non-Default Global Settings
  5. Flow Elapsed Time
  6. Flow OS Summary
  7. Flow Log
  8. Flow Messages
  9. Flow Suppressed Messages



----------------
; Legal Notice ;
----------------
Copyright (C) 2018  Intel Corporation. All rights reserved.
Your use of Intel Corporation's design tools, logic functions 
and other software and tools, and its AMPP partner logic 
functions, and any output files from any of the foregoing 
(including device programming or simulation files), and any 
associated documentation or information are expressly subject 
to the terms and conditions of the Intel Program License 
Subscription Agreement, the Intel Quartus Prime License Agreement,
the Intel FPGA IP License Agreement, or other applicable license
agreement, including, without limitation, that your use is for
the sole purpose of programming logic devices manufactured by
Intel and sold by Intel or its authorized distributors.  Please
refer to the applicable agreement for further details.



+---------------------------------------------------------------------+
; Flow Summary                                                        ;
+-----------------------+---------------------------------------------+
; Flow Status           ; Successful - Thu Aug 25 02:01:14 2022       ;
; Quartus Prime Version ; 18.1.0 Build 625 09/12/2018 SJ Lite Edition ;
; Revision Name         ; Somador4Bits                                ;
; Top-level Entity Name ; Somador4Bits                                ;
; Family                ; MAX II                                      ;
; Device                ; EPM240T100C5                                ;
; Timing Models         ; Final                                       ;
; Total logic elements  ; 9 / 240 ( 4 % )                             ;
; Total pins            ; 14 / 80 ( 18 % )                            ;
; Total virtual pins    ; 0                                           ;
; UFM blocks            ; 0 / 1 ( 0 % )                               ;
+-----------------------+---------------------------------------------+


+-----------------------------------------+
; Flow Settings                           ;
+-------------------+---------------------+
; Option            ; Setting             ;
+-------------------+---------------------+
; Start date & time ; 08/25/2022 01:52:26 ;
; Main task         ; Compilation         ;
; Revision Name     ; Somador4Bits        ;
+-------------------+---------------------+


+--------------------------------------------------------------------------------------------------------+
; Flow Non-Default Global Settings                                                                       ;
+--------------------------+------------------------------+---------------+-------------+----------------+
; Assignment Name          ; Value                        ; Default Value ; Entity Name ; Section Id     ;
+--------------------------+------------------------------+---------------+-------------+----------------+
; COMPILER_SIGNATURE_ID    ; 300156985331.166140314622758 ; --            ; --          ; --             ;
; EDA_OUTPUT_DATA_FORMAT   ; Verilog Hdl                  ; --            ; --          ; eda_simulation ;
; EDA_SIMULATION_TOOL      ; ModelSim-Altera (Verilog)    ; <None>        ; --          ; --             ;
; EDA_TIME_SCALE           ; 1 ps                         ; --            ; --          ; eda_simulation ;
; MAX_CORE_JUNCTION_TEMP   ; 85                           ; --            ; --          ; --             ;
; MIN_CORE_JUNCTION_TEMP   ; 0                            ; --            ; --          ; --             ;
; PROJECT_OUTPUT_DIRECTORY ; output_files                 ; --            ; --          ; --             ;
+--------------------------+------------------------------+---------------+-------------+----------------+


+--------------------------------------------------------------------------------------------------------------------------+
; Flow Elapsed Time                                                                                                        ;
+----------------------+--------------+-------------------------+---------------------+------------------------------------+
; Module Name          ; Elapsed Time ; Average Processors Used ; Peak Virtual Memory ; Total CPU Time (on all processors) ;
+----------------------+--------------+-------------------------+---------------------+------------------------------------+
; Analysis & Synthesis ; 00:00:09     ; 1.0                     ; 893 MB              ; 00:00:23                           ;
; Fitter               ; 00:00:01     ; 1.0                     ; 1868 MB             ; 00:00:01                           ;
; Assembler            ; 00:00:00     ; 1.0                     ; 780 MB              ; 00:00:00                           ;
; Timing Analyzer      ; 00:00:01     ; 1.0                     ; 724 MB              ; 00:00:00                           ;
; EDA Netlist Writer   ; 00:00:01     ; 1.0                     ; 1009 MB             ; 00:00:00                           ;
; EDA Netlist Writer   ; 00:00:00     ; 1.0                     ; 1005 MB             ; 00:00:00                           ;
; EDA Netlist Writer   ; 00:00:00     ; 1.0                     ; 1009 MB             ; 00:00:00                           ;
; Total                ; 00:00:12     ; --                      ; --                  ; 00:00:24                           ;
+----------------------+--------------+-------------------------+---------------------+------------------------------------+


+---------------------------------------------------------------------------------------+
; Flow OS Summary                                                                       ;
+----------------------+------------------+---------------+------------+----------------+
; Module Name          ; Machine Hostname ; OS Name       ; OS Version ; Processor type ;
+----------------------+------------------+---------------+------------+----------------+
; Analysis & Synthesis ; mushu            ; Pop!_OS 22.04 ; 22         ; x86_64         ;
; Fitter               ; mushu            ; Pop!_OS 22.04 ; 22         ; x86_64         ;
; Assembler            ; mushu            ; Pop!_OS 22.04 ; 22         ; x86_64         ;
; Timing Analyzer      ; mushu            ; Pop!_OS 22.04 ; 22         ; x86_64         ;
; EDA Netlist Writer   ; mushu            ; Pop!_OS 22.04 ; 22         ; x86_64         ;
; EDA Netlist Writer   ; mushu            ; Pop!_OS 22.04 ; 22         ; x86_64         ;
; EDA Netlist Writer   ; mushu            ; Pop!_OS 22.04 ; 22         ; x86_64         ;
+----------------------+------------------+---------------+------------+----------------+


------------
; Flow Log ;
------------
quartus_map --read_settings_files=on --write_settings_files=off Somador4Bits -c Somador4Bits
quartus_fit --read_settings_files=off --write_settings_files=off Somador4Bits -c Somador4Bits
quartus_asm --read_settings_files=off --write_settings_files=off Somador4Bits -c Somador4Bits
quartus_sta Somador4Bits -c Somador4Bits
quartus_eda --read_settings_files=off --write_settings_files=off Somador4Bits -c Somador4Bits
quartus_eda --gen_testbench --tool=modelsim_oem --format=verilog --write_settings_files=off Somador4Bits -c Somador4Bits --vector_source=/home/aldeena/Documentos/UTFPR/ProjetosDigitais/Somador4Bits/Waveform.vwf --testbench_file=/home/aldeena/Documentos/UTFPR/ProjetosDigitais/Somador4Bits/simulation/qsim/Waveform.vwf.vt
quartus_eda --write_settings_files=off --simulation=on --functional=on --flatten_buses=off --tool=modelsim_oem --format=verilog --output_directory=/home/aldeena/Documentos/UTFPR/ProjetosDigitais/Somador4Bits/simulation/qsim/ Somador4Bits -c Somador4Bits



