Flow report for ConversorHexadecimal
Thu Sep  1 16:01:36 2022
Quartus Prime Version 18.1.0 Build 625 09/12/2018 SJ Lite Edition


---------------------
; Table of Contents ;
---------------------
  1. Legal Notice
  2. Flow Summary
  3. Flow Settings
  4. Flow Non-Default Global Settings
  5. Flow Elapsed Time
  6. Flow OS Summary
  7. Flow Log
  8. Flow Messages
  9. Flow Suppressed Messages



----------------
; Legal Notice ;
----------------
Copyright (C) 2018  Intel Corporation. All rights reserved.
Your use of Intel Corporation's design tools, logic functions 
and other software and tools, and its AMPP partner logic 
functions, and any output files from any of the foregoing 
(including device programming or simulation files), and any 
associated documentation or information are expressly subject 
to the terms and conditions of the Intel Program License 
Subscription Agreement, the Intel Quartus Prime License Agreement,
the Intel FPGA IP License Agreement, or other applicable license
agreement, including, without limitation, that your use is for
the sole purpose of programming logic devices manufactured by
Intel and sold by Intel or its authorized distributors.  Please
refer to the applicable agreement for further details.



+----------------------------------------------------------------------------------+
; Flow Summary                                                                     ;
+------------------------------------+---------------------------------------------+
; Flow Status                        ; Successful - Thu Sep  1 16:01:36 2022       ;
; Quartus Prime Version              ; 18.1.0 Build 625 09/12/2018 SJ Lite Edition ;
; Revision Name                      ; ConversorHexadecimal                        ;
; Top-level Entity Name              ; ConversorHexaDecimal                        ;
; Family                             ; MAX 10                                      ;
; Device                             ; 10M50DAF484C7G                              ;
; Timing Models                      ; Final                                       ;
; Total logic elements               ; 8 / 49,760 ( < 1 % )                        ;
;     Total combinational functions  ; 8 / 49,760 ( < 1 % )                        ;
;     Dedicated logic registers      ; 0 / 49,760 ( 0 % )                          ;
; Total registers                    ; 0                                           ;
; Total pins                         ; 11 / 360 ( 3 % )                            ;
; Total virtual pins                 ; 0                                           ;
; Total memory bits                  ; 0 / 1,677,312 ( 0 % )                       ;
; Embedded Multiplier 9-bit elements ; 0 / 288 ( 0 % )                             ;
; Total PLLs                         ; 0 / 4 ( 0 % )                               ;
; UFM blocks                         ; 0 / 1 ( 0 % )                               ;
; ADC blocks                         ; 0 / 2 ( 0 % )                               ;
+------------------------------------+---------------------------------------------+


+------------------------------------------+
; Flow Settings                            ;
+-------------------+----------------------+
; Option            ; Setting              ;
+-------------------+----------------------+
; Start date & time ; 09/01/2022 15:55:50  ;
; Main task         ; Compilation          ;
; Revision Name     ; ConversorHexadecimal ;
+-------------------+----------------------+


+-----------------------------------------------------------------------------------------------------------------------------+
; Flow Non-Default Global Settings                                                                                            ;
+-------------------------------------+----------------------------------------+---------------+-------------+----------------+
; Assignment Name                     ; Value                                  ; Default Value ; Entity Name ; Section Id     ;
+-------------------------------------+----------------------------------------+---------------+-------------+----------------+
; COMPILER_SIGNATURE_ID               ; 300156985331.166205854914701           ; --            ; --          ; --             ;
; EDA_OUTPUT_DATA_FORMAT              ; Verilog Hdl                            ; --            ; --          ; eda_simulation ;
; EDA_SIMULATION_TOOL                 ; ModelSim-Altera (Verilog)              ; <None>        ; --          ; --             ;
; EDA_TIME_SCALE                      ; 1 ps                                   ; --            ; --          ; eda_simulation ;
; MAX_CORE_JUNCTION_TEMP              ; 85                                     ; --            ; --          ; --             ;
; MIN_CORE_JUNCTION_TEMP              ; 0                                      ; --            ; --          ; --             ;
; PARTITION_COLOR                     ; -- (Not supported for targeted family) ; --            ; --          ; Top            ;
; PARTITION_FITTER_PRESERVATION_LEVEL ; -- (Not supported for targeted family) ; --            ; --          ; Top            ;
; PARTITION_NETLIST_TYPE              ; -- (Not supported for targeted family) ; --            ; --          ; Top            ;
; PROJECT_OUTPUT_DIRECTORY            ; output_files                           ; --            ; --          ; --             ;
+-------------------------------------+----------------------------------------+---------------+-------------+----------------+


+--------------------------------------------------------------------------------------------------------------------------+
; Flow Elapsed Time                                                                                                        ;
+----------------------+--------------+-------------------------+---------------------+------------------------------------+
; Module Name          ; Elapsed Time ; Average Processors Used ; Peak Virtual Memory ; Total CPU Time (on all processors) ;
+----------------------+--------------+-------------------------+---------------------+------------------------------------+
; Analysis & Synthesis ; 00:00:11     ; 1.0                     ; 954 MB              ; 00:00:24                           ;
; Fitter               ; 00:00:05     ; 1.0                     ; 2198 MB             ; 00:00:09                           ;
; Assembler            ; 00:00:02     ; 1.0                     ; 815 MB              ; 00:00:02                           ;
; Timing Analyzer      ; 00:00:02     ; 1.1                     ; 983 MB              ; 00:00:02                           ;
; EDA Netlist Writer   ; 00:00:01     ; 1.0                     ; 1039 MB             ; 00:00:00                           ;
; EDA Netlist Writer   ; 00:00:01     ; 1.0                     ; 1029 MB             ; 00:00:00                           ;
; EDA Netlist Writer   ; 00:00:00     ; 1.0                     ; 1033 MB             ; 00:00:00                           ;
; EDA Netlist Writer   ; 00:00:01     ; 1.0                     ; 1029 MB             ; 00:00:00                           ;
; EDA Netlist Writer   ; 00:00:01     ; 1.0                     ; 1033 MB             ; 00:00:00                           ;
; Total                ; 00:00:24     ; --                      ; --                  ; 00:00:37                           ;
+----------------------+--------------+-------------------------+---------------------+------------------------------------+


+---------------------------------------------------------------------------------------+
; Flow OS Summary                                                                       ;
+----------------------+------------------+---------------+------------+----------------+
; Module Name          ; Machine Hostname ; OS Name       ; OS Version ; Processor type ;
+----------------------+------------------+---------------+------------+----------------+
; Analysis & Synthesis ; mushu            ; Pop!_OS 22.04 ; 22         ; x86_64         ;
; Fitter               ; mushu            ; Pop!_OS 22.04 ; 22         ; x86_64         ;
; Assembler            ; mushu            ; Pop!_OS 22.04 ; 22         ; x86_64         ;
; Timing Analyzer      ; mushu            ; Pop!_OS 22.04 ; 22         ; x86_64         ;
; EDA Netlist Writer   ; mushu            ; Pop!_OS 22.04 ; 22         ; x86_64         ;
; EDA Netlist Writer   ; mushu            ; Pop!_OS 22.04 ; 22         ; x86_64         ;
; EDA Netlist Writer   ; mushu            ; Pop!_OS 22.04 ; 22         ; x86_64         ;
; EDA Netlist Writer   ; mushu            ; Pop!_OS 22.04 ; 22         ; x86_64         ;
; EDA Netlist Writer   ; mushu            ; Pop!_OS 22.04 ; 22         ; x86_64         ;
+----------------------+------------------+---------------+------------+----------------+


------------
; Flow Log ;
------------
quartus_map --read_settings_files=on --write_settings_files=off ConversorHexadecimal -c ConversorHexadecimal
quartus_fit --read_settings_files=off --write_settings_files=off ConversorHexadecimal -c ConversorHexadecimal
quartus_asm --read_settings_files=off --write_settings_files=off ConversorHexadecimal -c ConversorHexadecimal
quartus_sta ConversorHexadecimal -c ConversorHexadecimal
quartus_eda --read_settings_files=off --write_settings_files=off ConversorHexadecimal -c ConversorHexadecimal
quartus_eda --gen_testbench --tool=modelsim_oem --format=vhdl --write_settings_files=off ConversorHexadecimal -c ConversorHexadecimal --vector_source=/home/aldeena/Documentos/UTFPR/ProjetosDigitais/ConversorHexa/Waveform.vwf --testbench_file=/home/aldeena/Documentos/UTFPR/ProjetosDigitais/ConversorHexa/simulation/qsim/Waveform.vwf.vht
quartus_eda --write_settings_files=off --simulation=on --functional=on --flatten_buses=off --tool=modelsim_oem --format=vhdl --output_directory=/home/aldeena/Documentos/UTFPR/ProjetosDigitais/ConversorHexa/simulation/qsim/ ConversorHexadecimal -c ConversorHexadecimal
quartus_eda --gen_testbench --tool=modelsim_oem --format=vhdl --write_settings_files=off ConversorHexadecimal -c ConversorHexadecimal --vector_source=/home/aldeena/Documentos/UTFPR/ProjetosDigitais/ConversorHexa/Waveform.vwf --testbench_file=/home/aldeena/Documentos/UTFPR/ProjetosDigitais/ConversorHexa/simulation/qsim/Waveform.vwf.vht
quartus_eda --write_settings_files=off --simulation=on --functional=on --flatten_buses=off --tool=modelsim_oem --format=vhdl --output_directory=/home/aldeena/Documentos/UTFPR/ProjetosDigitais/ConversorHexa/simulation/qsim/ ConversorHexadecimal -c ConversorHexadecimal



