Analysis & Synthesis report for Registradores
Thu Sep 29 15:26:08 2022
Quartus Prime Version 18.1.0 Build 625 09/12/2018 SJ Lite Edition


---------------------
; Table of Contents ;
---------------------
  1. Legal Notice
  2. Analysis & Synthesis Summary
  3. Analysis & Synthesis Settings
  4. Parallel Compilation
  5. Analysis & Synthesis Source Files Read
  6. Analysis & Synthesis Resource Usage Summary
  7. Analysis & Synthesis Resource Utilization by Entity
  8. General Register Statistics
  9. Post-Synthesis Netlist Statistics for Top Partition
 10. Elapsed Time Per Partition
 11. Analysis & Synthesis Messages



----------------
; Legal Notice ;
----------------
Copyright (C) 2018  Intel Corporation. All rights reserved.
Your use of Intel Corporation's design tools, logic functions 
and other software and tools, and its AMPP partner logic 
functions, and any output files from any of the foregoing 
(including device programming or simulation files), and any 
associated documentation or information are expressly subject 
to the terms and conditions of the Intel Program License 
Subscription Agreement, the Intel Quartus Prime License Agreement,
the Intel FPGA IP License Agreement, or other applicable license
agreement, including, without limitation, that your use is for
the sole purpose of programming logic devices manufactured by
Intel and sold by Intel or its authorized distributors.  Please
refer to the applicable agreement for further details.



+----------------------------------------------------------------------------------+
; Analysis & Synthesis Summary                                                     ;
+------------------------------------+---------------------------------------------+
; Analysis & Synthesis Status        ; Successful - Thu Sep 29 15:26:08 2022       ;
; Quartus Prime Version              ; 18.1.0 Build 625 09/12/2018 SJ Lite Edition ;
; Revision Name                      ; Registradores                               ;
; Top-level Entity Name              ; Registradores                               ;
; Family                             ; MAX 10                                      ;
; Total logic elements               ; 103                                         ;
;     Total combinational functions  ; 103                                         ;
;     Dedicated logic registers      ; 24                                          ;
; Total registers                    ; 24                                          ;
; Total pins                         ; 51                                          ;
; Total virtual pins                 ; 0                                           ;
; Total memory bits                  ; 0                                           ;
; Embedded Multiplier 9-bit elements ; 0                                           ;
; Total PLLs                         ; 0                                           ;
; UFM blocks                         ; 0                                           ;
; ADC blocks                         ; 0                                           ;
+------------------------------------+---------------------------------------------+


+------------------------------------------------------------------------------------------------------------+
; Analysis & Synthesis Settings                                                                              ;
+------------------------------------------------------------------+--------------------+--------------------+
; Option                                                           ; Setting            ; Default Value      ;
+------------------------------------------------------------------+--------------------+--------------------+
; Device                                                           ; 10M50DAF484C7G     ;                    ;
; Top-level entity name                                            ; Registradores      ; Registradores      ;
; Family name                                                      ; MAX 10             ; Cyclone V          ;
; Use smart compilation                                            ; Off                ; Off                ;
; Enable parallel Assembler and Timing Analyzer during compilation ; On                 ; On                 ;
; Enable compact report table                                      ; Off                ; Off                ;
; Restructure Multiplexers                                         ; Auto               ; Auto               ;
; Create Debugging Nodes for IP Cores                              ; Off                ; Off                ;
; Preserve fewer node names                                        ; On                 ; On                 ;
; Intel FPGA IP Evaluation Mode                                    ; Enable             ; Enable             ;
; Verilog Version                                                  ; Verilog_2001       ; Verilog_2001       ;
; VHDL Version                                                     ; VHDL_1993          ; VHDL_1993          ;
; State Machine Processing                                         ; Auto               ; Auto               ;
; Safe State Machine                                               ; Off                ; Off                ;
; Extract Verilog State Machines                                   ; On                 ; On                 ;
; Extract VHDL State Machines                                      ; On                 ; On                 ;
; Ignore Verilog initial constructs                                ; Off                ; Off                ;
; Iteration limit for constant Verilog loops                       ; 5000               ; 5000               ;
; Iteration limit for non-constant Verilog loops                   ; 250                ; 250                ;
; Add Pass-Through Logic to Inferred RAMs                          ; On                 ; On                 ;
; Infer RAMs from Raw Logic                                        ; On                 ; On                 ;
; Parallel Synthesis                                               ; On                 ; On                 ;
; DSP Block Balancing                                              ; Auto               ; Auto               ;
; NOT Gate Push-Back                                               ; On                 ; On                 ;
; Power-Up Don't Care                                              ; On                 ; On                 ;
; Remove Redundant Logic Cells                                     ; Off                ; Off                ;
; Remove Duplicate Registers                                       ; On                 ; On                 ;
; Ignore CARRY Buffers                                             ; Off                ; Off                ;
; Ignore CASCADE Buffers                                           ; Off                ; Off                ;
; Ignore GLOBAL Buffers                                            ; Off                ; Off                ;
; Ignore ROW GLOBAL Buffers                                        ; Off                ; Off                ;
; Ignore LCELL Buffers                                             ; Off                ; Off                ;
; Ignore SOFT Buffers                                              ; On                 ; On                 ;
; Limit AHDL Integers to 32 Bits                                   ; Off                ; Off                ;
; Optimization Technique                                           ; Balanced           ; Balanced           ;
; Carry Chain Length                                               ; 70                 ; 70                 ;
; Auto Carry Chains                                                ; On                 ; On                 ;
; Auto Open-Drain Pins                                             ; On                 ; On                 ;
; Perform WYSIWYG Primitive Resynthesis                            ; Off                ; Off                ;
; Auto ROM Replacement                                             ; On                 ; On                 ;
; Auto RAM Replacement                                             ; On                 ; On                 ;
; Auto DSP Block Replacement                                       ; On                 ; On                 ;
; Auto Shift Register Replacement                                  ; Auto               ; Auto               ;
; Allow Shift Register Merging across Hierarchies                  ; Auto               ; Auto               ;
; Auto Clock Enable Replacement                                    ; On                 ; On                 ;
; Strict RAM Replacement                                           ; Off                ; Off                ;
; Allow Synchronous Control Signals                                ; On                 ; On                 ;
; Force Use of Synchronous Clear Signals                           ; Off                ; Off                ;
; Auto RAM Block Balancing                                         ; On                 ; On                 ;
; Auto RAM to Logic Cell Conversion                                ; Off                ; Off                ;
; Auto Resource Sharing                                            ; Off                ; Off                ;
; Allow Any RAM Size For Recognition                               ; Off                ; Off                ;
; Allow Any ROM Size For Recognition                               ; Off                ; Off                ;
; Allow Any Shift Register Size For Recognition                    ; Off                ; Off                ;
; Use LogicLock Constraints during Resource Balancing              ; On                 ; On                 ;
; Ignore translate_off and synthesis_off directives                ; Off                ; Off                ;
; Timing-Driven Synthesis                                          ; On                 ; On                 ;
; Report Parameter Settings                                        ; On                 ; On                 ;
; Report Source Assignments                                        ; On                 ; On                 ;
; Report Connectivity Checks                                       ; On                 ; On                 ;
; Ignore Maximum Fan-Out Assignments                               ; Off                ; Off                ;
; Synchronization Register Chain Length                            ; 2                  ; 2                  ;
; Power Optimization During Synthesis                              ; Normal compilation ; Normal compilation ;
; HDL message level                                                ; Level2             ; Level2             ;
; Suppress Register Optimization Related Messages                  ; Off                ; Off                ;
; Number of Removed Registers Reported in Synthesis Report         ; 5000               ; 5000               ;
; Number of Swept Nodes Reported in Synthesis Report               ; 5000               ; 5000               ;
; Number of Inverted Registers Reported in Synthesis Report        ; 100                ; 100                ;
; Clock MUX Protection                                             ; On                 ; On                 ;
; Auto Gated Clock Conversion                                      ; Off                ; Off                ;
; Block Design Naming                                              ; Auto               ; Auto               ;
; SDC constraint protection                                        ; Off                ; Off                ;
; Synthesis Effort                                                 ; Auto               ; Auto               ;
; Shift Register Replacement - Allow Asynchronous Clear Signal     ; On                 ; On                 ;
; Pre-Mapping Resynthesis Optimization                             ; Off                ; Off                ;
; Analysis & Synthesis Message Level                               ; Medium             ; Medium             ;
; Disable Register Merging Across Hierarchies                      ; Auto               ; Auto               ;
; Resource Aware Inference For Block RAM                           ; On                 ; On                 ;
+------------------------------------------------------------------+--------------------+--------------------+


+------------------------------------------+
; Parallel Compilation                     ;
+----------------------------+-------------+
; Processors                 ; Number      ;
+----------------------------+-------------+
; Number detected on machine ; 12          ;
; Maximum allowed            ; 12          ;
;                            ;             ;
; Average used               ; 1.00        ;
; Maximum used               ; 12          ;
;                            ;             ;
; Usage by Processor         ; % Time Used ;
;     Processor 1            ; 100.0%      ;
;     Processors 2-12        ;   0.0%      ;
+----------------------------+-------------+


+-----------------------------------------------------------------------------------------------------------------------------------------------------------------------------------------------------+
; Analysis & Synthesis Source Files Read                                                                                                                                                              ;
+-------------------------------------------+-----------------+------------------------------------+----------------------------------------------------------------------------------------+---------+
; File Name with User-Entered Path          ; Used in Netlist ; File Type                          ; File Name with Absolute Path                                                           ; Library ;
+-------------------------------------------+-----------------+------------------------------------+----------------------------------------------------------------------------------------+---------+
; ../ConversorHexa/ConversorHexadecimal.vhd ; yes             ; User VHDL File                     ; /home/aldeena/Documentos/UTFPR/ProjetosDigitais/ConversorHexa/ConversorHexadecimal.vhd ;         ;
; Registrador4BitsPIPO.bdf                  ; yes             ; User Block Diagram/Schematic File  ; /home/aldeena/Documentos/UTFPR/ProjetosDigitais/Registradores/Registrador4BitsPIPO.bdf ;         ;
; Registradores.bdf                         ; yes             ; User Block Diagram/Schematic File  ; /home/aldeena/Documentos/UTFPR/ProjetosDigitais/Registradores/Registradores.bdf        ;         ;
; ../Somador4Bits/SomadorCompleto.bdf       ; yes             ; User Block Diagram/Schematic File  ; /home/aldeena/Documentos/UTFPR/ProjetosDigitais/Somador4Bits/SomadorCompleto.bdf       ;         ;
; Controlador2Portas.bdf                    ; yes             ; User Block Diagram/Schematic File  ; /home/aldeena/Documentos/UTFPR/ProjetosDigitais/Registradores/Controlador2Portas.bdf   ;         ;
; Controlador4Bits.bdf                      ; yes             ; User Block Diagram/Schematic File  ; /home/aldeena/Documentos/UTFPR/ProjetosDigitais/Registradores/Controlador4Bits.bdf     ;         ;
; 7486.bdf                                  ; yes             ; Megafunction                       ; /home/aldeena/intelFPGA_lite/18.1/quartus/libraries/others/maxplus2/7486.bdf           ;         ;
; 7432.bdf                                  ; yes             ; Megafunction                       ; /home/aldeena/intelFPGA_lite/18.1/quartus/libraries/others/maxplus2/7432.bdf           ;         ;
; 7408.bdf                                  ; yes             ; Megafunction                       ; /home/aldeena/intelFPGA_lite/18.1/quartus/libraries/others/maxplus2/7408.bdf           ;         ;
+-------------------------------------------+-----------------+------------------------------------+----------------------------------------------------------------------------------------+---------+


+----------------------------------------------------------------------------------+
; Analysis & Synthesis Resource Usage Summary                                      ;
+---------------------------------------------+------------------------------------+
; Resource                                    ; Usage                              ;
+---------------------------------------------+------------------------------------+
; Estimated Total logic elements              ; 103                                ;
;                                             ;                                    ;
; Total combinational functions               ; 103                                ;
; Logic element usage by number of LUT inputs ;                                    ;
;     -- 4 input functions                    ; 77                                 ;
;     -- 3 input functions                    ; 6                                  ;
;     -- <=2 input functions                  ; 20                                 ;
;                                             ;                                    ;
; Logic elements by mode                      ;                                    ;
;     -- normal mode                          ; 103                                ;
;     -- arithmetic mode                      ; 0                                  ;
;                                             ;                                    ;
; Total registers                             ; 24                                 ;
;     -- Dedicated logic registers            ; 24                                 ;
;     -- I/O registers                        ; 0                                  ;
;                                             ;                                    ;
; I/O pins                                    ; 51                                 ;
;                                             ;                                    ;
; Embedded Multiplier 9-bit elements          ; 0                                  ;
;                                             ;                                    ;
; Maximum fan-out node                        ; Registrador4BitsPIPO:inst34|inst~1 ;
; Maximum fan-out                             ; 49                                 ;
; Total fan-out                               ; 531                                ;
; Average fan-out                             ; 2.32                               ;
+---------------------------------------------+------------------------------------+


+--------------------------------------------------------------------------------------------------------------------------------------------------------------------------------------------------------------------------------------------------------------------------------+
; Analysis & Synthesis Resource Utilization by Entity                                                                                                                                                                                                                            ;
+----------------------------------+---------------------+---------------------------+-------------+------------+--------------+---------+-----------+------+--------------+------------+--------------------------------------------------+----------------------+--------------+
; Compilation Hierarchy Node       ; Combinational ALUTs ; Dedicated Logic Registers ; Memory Bits ; UFM Blocks ; DSP Elements ; DSP 9x9 ; DSP 18x18 ; Pins ; Virtual Pins ; ADC blocks ; Full Hierarchy Name                              ; Entity Name          ; Library Name ;
+----------------------------------+---------------------+---------------------------+-------------+------------+--------------+---------+-----------+------+--------------+------------+--------------------------------------------------+----------------------+--------------+
; |Registradores                   ; 103 (2)             ; 24 (0)                    ; 0           ; 0          ; 0            ; 0       ; 0         ; 51   ; 0            ; 0          ; |Registradores                                   ; Registradores        ; work         ;
;    |ConversorHexaDecimal:inst10| ; 7 (7)               ; 0 (0)                     ; 0           ; 0          ; 0            ; 0       ; 0         ; 0    ; 0            ; 0          ; |Registradores|ConversorHexaDecimal:inst10       ; ConversorHexaDecimal ; work         ;
;    |ConversorHexaDecimal:inst11| ; 7 (7)               ; 0 (0)                     ; 0           ; 0          ; 0            ; 0       ; 0         ; 0    ; 0            ; 0          ; |Registradores|ConversorHexaDecimal:inst11       ; ConversorHexaDecimal ; work         ;
;    |ConversorHexaDecimal:inst6|  ; 7 (7)               ; 0 (0)                     ; 0           ; 0          ; 0            ; 0       ; 0         ; 0    ; 0            ; 0          ; |Registradores|ConversorHexaDecimal:inst6        ; ConversorHexaDecimal ; work         ;
;    |ConversorHexaDecimal:inst7|  ; 7 (7)               ; 0 (0)                     ; 0           ; 0          ; 0            ; 0       ; 0         ; 0    ; 0            ; 0          ; |Registradores|ConversorHexaDecimal:inst7        ; ConversorHexaDecimal ; work         ;
;    |ConversorHexaDecimal:inst8|  ; 7 (7)               ; 0 (0)                     ; 0           ; 0          ; 0            ; 0       ; 0         ; 0    ; 0            ; 0          ; |Registradores|ConversorHexaDecimal:inst8        ; ConversorHexaDecimal ; work         ;
;    |ConversorHexaDecimal:inst9|  ; 7 (7)               ; 0 (0)                     ; 0           ; 0          ; 0            ; 0       ; 0         ; 0    ; 0            ; 0          ; |Registradores|ConversorHexaDecimal:inst9        ; ConversorHexaDecimal ; work         ;
;    |Registrador4BitsPIPO:inst1|  ; 8 (8)               ; 4 (4)                     ; 0           ; 0          ; 0            ; 0       ; 0         ; 0    ; 0            ; 0          ; |Registradores|Registrador4BitsPIPO:inst1        ; Registrador4BitsPIPO ; work         ;
;    |Registrador4BitsPIPO:inst2|  ; 8 (8)               ; 4 (4)                     ; 0           ; 0          ; 0            ; 0       ; 0         ; 0    ; 0            ; 0          ; |Registradores|Registrador4BitsPIPO:inst2        ; Registrador4BitsPIPO ; work         ;
;    |Registrador4BitsPIPO:inst34| ; 10 (10)             ; 4 (4)                     ; 0           ; 0          ; 0            ; 0       ; 0         ; 0    ; 0            ; 0          ; |Registradores|Registrador4BitsPIPO:inst34       ; Registrador4BitsPIPO ; work         ;
;    |Registrador4BitsPIPO:inst3|  ; 8 (8)               ; 4 (4)                     ; 0           ; 0          ; 0            ; 0       ; 0         ; 0    ; 0            ; 0          ; |Registradores|Registrador4BitsPIPO:inst3        ; Registrador4BitsPIPO ; work         ;
;    |Registrador4BitsPIPO:inst4|  ; 8 (8)               ; 4 (4)                     ; 0           ; 0          ; 0            ; 0       ; 0         ; 0    ; 0            ; 0          ; |Registradores|Registrador4BitsPIPO:inst4        ; Registrador4BitsPIPO ; work         ;
;    |Registrador4BitsPIPO:inst|   ; 8 (8)               ; 4 (4)                     ; 0           ; 0          ; 0            ; 0       ; 0         ; 0    ; 0            ; 0          ; |Registradores|Registrador4BitsPIPO:inst         ; Registrador4BitsPIPO ; work         ;
;    |SomadorCompleto:inst12|      ; 3 (0)               ; 0 (0)                     ; 0           ; 0          ; 0            ; 0       ; 0         ; 0    ; 0            ; 0          ; |Registradores|SomadorCompleto:inst12            ; SomadorCompleto      ; work         ;
;       |7408:inst1|               ; 1 (1)               ; 0 (0)                     ; 0           ; 0          ; 0            ; 0       ; 0         ; 0    ; 0            ; 0          ; |Registradores|SomadorCompleto:inst12|7408:inst1 ; 7408                 ; work         ;
;       |7408:inst|                ; 1 (1)               ; 0 (0)                     ; 0           ; 0          ; 0            ; 0       ; 0         ; 0    ; 0            ; 0          ; |Registradores|SomadorCompleto:inst12|7408:inst  ; 7408                 ; work         ;
;       |7486:inst5|               ; 1 (1)               ; 0 (0)                     ; 0           ; 0          ; 0            ; 0       ; 0         ; 0    ; 0            ; 0          ; |Registradores|SomadorCompleto:inst12|7486:inst5 ; 7486                 ; work         ;
;    |SomadorCompleto:inst13|      ; 2 (0)               ; 0 (0)                     ; 0           ; 0          ; 0            ; 0       ; 0         ; 0    ; 0            ; 0          ; |Registradores|SomadorCompleto:inst13            ; SomadorCompleto      ; work         ;
;       |7432:inst3|               ; 1 (1)               ; 0 (0)                     ; 0           ; 0          ; 0            ; 0       ; 0         ; 0    ; 0            ; 0          ; |Registradores|SomadorCompleto:inst13|7432:inst3 ; 7432                 ; work         ;
;       |7486:inst5|               ; 1 (1)               ; 0 (0)                     ; 0           ; 0          ; 0            ; 0       ; 0         ; 0    ; 0            ; 0          ; |Registradores|SomadorCompleto:inst13|7486:inst5 ; 7486                 ; work         ;
;    |SomadorCompleto:inst14|      ; 2 (0)               ; 0 (0)                     ; 0           ; 0          ; 0            ; 0       ; 0         ; 0    ; 0            ; 0          ; |Registradores|SomadorCompleto:inst14            ; SomadorCompleto      ; work         ;
;       |7432:inst3|               ; 1 (1)               ; 0 (0)                     ; 0           ; 0          ; 0            ; 0       ; 0         ; 0    ; 0            ; 0          ; |Registradores|SomadorCompleto:inst14|7432:inst3 ; 7432                 ; work         ;
;       |7486:inst5|               ; 1 (1)               ; 0 (0)                     ; 0           ; 0          ; 0            ; 0       ; 0         ; 0    ; 0            ; 0          ; |Registradores|SomadorCompleto:inst14|7486:inst5 ; 7486                 ; work         ;
;    |SomadorCompleto:inst15|      ; 2 (0)               ; 0 (0)                     ; 0           ; 0          ; 0            ; 0       ; 0         ; 0    ; 0            ; 0          ; |Registradores|SomadorCompleto:inst15            ; SomadorCompleto      ; work         ;
;       |7432:inst3|               ; 1 (1)               ; 0 (0)                     ; 0           ; 0          ; 0            ; 0       ; 0         ; 0    ; 0            ; 0          ; |Registradores|SomadorCompleto:inst15|7432:inst3 ; 7432                 ; work         ;
;       |7486:inst5|               ; 1 (1)               ; 0 (0)                     ; 0           ; 0          ; 0            ; 0       ; 0         ; 0    ; 0            ; 0          ; |Registradores|SomadorCompleto:inst15|7486:inst5 ; 7486                 ; work         ;
+----------------------------------+---------------------+---------------------------+-------------+------------+--------------+---------+-----------+------+--------------+------------+--------------------------------------------------+----------------------+--------------+
Note: For table entries with two numbers listed, the numbers in parentheses indicate the number of resources of the given type used by the specific entity alone. The numbers listed outside of parentheses indicate the total resources of the given type used by the specific entity and all of its sub-entities in the hierarchy.


+------------------------------------------------------+
; General Register Statistics                          ;
+----------------------------------------------+-------+
; Statistic                                    ; Value ;
+----------------------------------------------+-------+
; Total registers                              ; 24    ;
; Number of registers using Synchronous Clear  ; 0     ;
; Number of registers using Synchronous Load   ; 0     ;
; Number of registers using Asynchronous Clear ; 24    ;
; Number of registers using Asynchronous Load  ; 0     ;
; Number of registers using Clock Enable       ; 0     ;
; Number of registers using Preset             ; 0     ;
+----------------------------------------------+-------+


+-----------------------------------------------------+
; Post-Synthesis Netlist Statistics for Top Partition ;
+-----------------------+-----------------------------+
; Type                  ; Count                       ;
+-----------------------+-----------------------------+
; boundary_port         ; 51                          ;
; cycloneiii_ff         ; 24                          ;
;     CLR               ; 24                          ;
; cycloneiii_lcell_comb ; 103                         ;
;     normal            ; 103                         ;
;         2 data inputs ; 20                          ;
;         3 data inputs ; 6                           ;
;         4 data inputs ; 77                          ;
;                       ;                             ;
; Max LUT depth         ; 6.00                        ;
; Average LUT depth     ; 2.67                        ;
+-----------------------+-----------------------------+


+-------------------------------+
; Elapsed Time Per Partition    ;
+----------------+--------------+
; Partition Name ; Elapsed Time ;
+----------------+--------------+
; Top            ; 00:00:00     ;
+----------------+--------------+


+-------------------------------+
; Analysis & Synthesis Messages ;
+-------------------------------+
Info: *******************************************************************
Info: Running Quartus Prime Analysis & Synthesis
    Info: Version 18.1.0 Build 625 09/12/2018 SJ Lite Edition
    Info: Processing started: Thu Sep 29 15:25:54 2022
Info: Command: quartus_map --read_settings_files=on --write_settings_files=off Registradores -c Registradores
Warning (18236): Number of processors has not been specified which may cause overloading on shared machines.  Set the global assignment NUM_PARALLEL_PROCESSORS in your QSF to an appropriate value for best performance.
Info (20030): Parallel compilation is enabled and will use 12 of the 12 processors detected
Info (12021): Found 2 design units, including 1 entities, in source file /home/aldeena/Documentos/UTFPR/ProjetosDigitais/ConversorHexa/ConversorHexadecimal.vhd
    Info (12022): Found design unit 1: ConversorHexaDecimal-arc_sevenseg File: /home/aldeena/Documentos/UTFPR/ProjetosDigitais/ConversorHexa/ConversorHexadecimal.vhd Line: 10
    Info (12023): Found entity 1: ConversorHexaDecimal File: /home/aldeena/Documentos/UTFPR/ProjetosDigitais/ConversorHexa/ConversorHexadecimal.vhd Line: 3
Info (12021): Found 1 design units, including 1 entities, in source file Registrador4BitsPIPO.bdf
    Info (12023): Found entity 1: Registrador4BitsPIPO
Info (12021): Found 1 design units, including 1 entities, in source file Registradores.bdf
    Info (12023): Found entity 1: Registradores
Info (12021): Found 1 design units, including 1 entities, in source file /home/aldeena/Documentos/UTFPR/ProjetosDigitais/Somador4Bits/SomadorCompleto.bdf
    Info (12023): Found entity 1: SomadorCompleto
Info (12021): Found 1 design units, including 1 entities, in source file Controlador2Portas.bdf
    Info (12023): Found entity 1: Controlador2Portas
Info (12021): Found 1 design units, including 1 entities, in source file Controlador4Bits.bdf
    Info (12023): Found entity 1: Controlador4Bits
Info (12127): Elaborating entity "Registradores" for the top level hierarchy
Info (12128): Elaborating entity "ConversorHexaDecimal" for hierarchy "ConversorHexaDecimal:inst6"
Info (12128): Elaborating entity "Registrador4BitsPIPO" for hierarchy "Registrador4BitsPIPO:inst34"
Warning (275011): Block or symbol "DFF" of instance "inst1" overlaps another block or symbol
Warning (275011): Block or symbol "DFF" of instance "inst2" overlaps another block or symbol
Warning (275011): Block or symbol "DFF" of instance "inst3" overlaps another block or symbol
Info (12128): Elaborating entity "Controlador4Bits" for hierarchy "Controlador4Bits:inst36"
Info (12128): Elaborating entity "Controlador2Portas" for hierarchy "Controlador4Bits:inst36|Controlador2Portas:inst"
Warning (275011): Block or symbol "NOT" of instance "inst3" overlaps another block or symbol
Info (12128): Elaborating entity "SomadorCompleto" for hierarchy "SomadorCompleto:inst12"
Info (12128): Elaborating entity "7486" for hierarchy "SomadorCompleto:inst12|7486:inst5"
Info (12130): Elaborated megafunction instantiation "SomadorCompleto:inst12|7486:inst5"
Info (12128): Elaborating entity "7432" for hierarchy "SomadorCompleto:inst12|7432:inst3"
Info (12130): Elaborated megafunction instantiation "SomadorCompleto:inst12|7432:inst3"
Info (12128): Elaborating entity "7408" for hierarchy "SomadorCompleto:inst12|7408:inst"
Info (12130): Elaborated megafunction instantiation "SomadorCompleto:inst12|7408:inst"
Warning (13004): Presettable and clearable registers converted to equivalent circuits with latches. Registers power-up to an undefined state, and DEVCLRn places the registers in an undefined state.
    Warning (13310): Register "Registrador4BitsPIPO:inst34|inst" is converted into an equivalent circuit using register "Registrador4BitsPIPO:inst34|inst~_emulated" and latch "Registrador4BitsPIPO:inst34|inst~1"
    Warning (13310): Register "Registrador4BitsPIPO:inst34|inst1" is converted into an equivalent circuit using register "Registrador4BitsPIPO:inst34|inst1~_emulated" and latch "Registrador4BitsPIPO:inst34|inst~1"
    Warning (13310): Register "Registrador4BitsPIPO:inst34|inst2" is converted into an equivalent circuit using register "Registrador4BitsPIPO:inst34|inst2~_emulated" and latch "Registrador4BitsPIPO:inst34|inst~1"
    Warning (13310): Register "Registrador4BitsPIPO:inst34|inst3" is converted into an equivalent circuit using register "Registrador4BitsPIPO:inst34|inst3~_emulated" and latch "Registrador4BitsPIPO:inst34|inst~1"
    Warning (13310): Register "Registrador4BitsPIPO:inst|inst" is converted into an equivalent circuit using register "Registrador4BitsPIPO:inst|inst~_emulated" and latch "Registrador4BitsPIPO:inst34|inst~1"
    Warning (13310): Register "Registrador4BitsPIPO:inst|inst1" is converted into an equivalent circuit using register "Registrador4BitsPIPO:inst|inst1~_emulated" and latch "Registrador4BitsPIPO:inst34|inst~1"
    Warning (13310): Register "Registrador4BitsPIPO:inst|inst2" is converted into an equivalent circuit using register "Registrador4BitsPIPO:inst|inst2~_emulated" and latch "Registrador4BitsPIPO:inst34|inst~1"
    Warning (13310): Register "Registrador4BitsPIPO:inst|inst3" is converted into an equivalent circuit using register "Registrador4BitsPIPO:inst|inst3~_emulated" and latch "Registrador4BitsPIPO:inst34|inst~1"
    Warning (13310): Register "Registrador4BitsPIPO:inst1|inst" is converted into an equivalent circuit using register "Registrador4BitsPIPO:inst1|inst~_emulated" and latch "Registrador4BitsPIPO:inst34|inst~1"
    Warning (13310): Register "Registrador4BitsPIPO:inst1|inst1" is converted into an equivalent circuit using register "Registrador4BitsPIPO:inst1|inst1~_emulated" and latch "Registrador4BitsPIPO:inst34|inst~1"
    Warning (13310): Register "Registrador4BitsPIPO:inst1|inst2" is converted into an equivalent circuit using register "Registrador4BitsPIPO:inst1|inst2~_emulated" and latch "Registrador4BitsPIPO:inst34|inst~1"
    Warning (13310): Register "Registrador4BitsPIPO:inst1|inst3" is converted into an equivalent circuit using register "Registrador4BitsPIPO:inst1|inst3~_emulated" and latch "Registrador4BitsPIPO:inst34|inst~1"
    Warning (13310): Register "Registrador4BitsPIPO:inst2|inst" is converted into an equivalent circuit using register "Registrador4BitsPIPO:inst2|inst~_emulated" and latch "Registrador4BitsPIPO:inst34|inst~1"
    Warning (13310): Register "Registrador4BitsPIPO:inst2|inst1" is converted into an equivalent circuit using register "Registrador4BitsPIPO:inst2|inst1~_emulated" and latch "Registrador4BitsPIPO:inst34|inst~1"
    Warning (13310): Register "Registrador4BitsPIPO:inst2|inst2" is converted into an equivalent circuit using register "Registrador4BitsPIPO:inst2|inst2~_emulated" and latch "Registrador4BitsPIPO:inst34|inst~1"
    Warning (13310): Register "Registrador4BitsPIPO:inst2|inst3" is converted into an equivalent circuit using register "Registrador4BitsPIPO:inst2|inst3~_emulated" and latch "Registrador4BitsPIPO:inst34|inst~1"
    Warning (13310): Register "Registrador4BitsPIPO:inst3|inst" is converted into an equivalent circuit using register "Registrador4BitsPIPO:inst3|inst~_emulated" and latch "Registrador4BitsPIPO:inst34|inst~1"
    Warning (13310): Register "Registrador4BitsPIPO:inst3|inst1" is converted into an equivalent circuit using register "Registrador4BitsPIPO:inst3|inst1~_emulated" and latch "Registrador4BitsPIPO:inst34|inst~1"
    Warning (13310): Register "Registrador4BitsPIPO:inst3|inst2" is converted into an equivalent circuit using register "Registrador4BitsPIPO:inst3|inst2~_emulated" and latch "Registrador4BitsPIPO:inst34|inst~1"
    Warning (13310): Register "Registrador4BitsPIPO:inst3|inst3" is converted into an equivalent circuit using register "Registrador4BitsPIPO:inst3|inst3~_emulated" and latch "Registrador4BitsPIPO:inst34|inst~1"
    Warning (13310): Register "Registrador4BitsPIPO:inst4|inst" is converted into an equivalent circuit using register "Registrador4BitsPIPO:inst4|inst~_emulated" and latch "Registrador4BitsPIPO:inst34|inst~1"
    Warning (13310): Register "Registrador4BitsPIPO:inst4|inst1" is converted into an equivalent circuit using register "Registrador4BitsPIPO:inst4|inst1~_emulated" and latch "Registrador4BitsPIPO:inst34|inst~1"
    Warning (13310): Register "Registrador4BitsPIPO:inst4|inst2" is converted into an equivalent circuit using register "Registrador4BitsPIPO:inst4|inst2~_emulated" and latch "Registrador4BitsPIPO:inst34|inst~1"
    Warning (13310): Register "Registrador4BitsPIPO:inst4|inst3" is converted into an equivalent circuit using register "Registrador4BitsPIPO:inst4|inst3~_emulated" and latch "Registrador4BitsPIPO:inst34|inst~1"
Info (286030): Timing-Driven Synthesis is running
Info (16010): Generating hard_block partition "hard_block:auto_generated_inst"
    Info (16011): Adding 0 node(s), including 0 DDIO, 0 PLL, 0 transceiver and 0 LCELL
Info (21057): Implemented 154 device resources after synthesis - the final resource count might be different
    Info (21058): Implemented 9 input pins
    Info (21059): Implemented 42 output pins
    Info (21061): Implemented 103 logic cells
Info: Quartus Prime Analysis & Synthesis was successful. 0 errors, 30 warnings
    Info: Peak virtual memory: 1026 megabytes
    Info: Processing ended: Thu Sep 29 15:26:08 2022
    Info: Elapsed time: 00:00:14
    Info: Total CPU time (on all processors): 00:00:34


